{"/home/wagner/Projetos/react-native/gofinances2/src/components/Form/Button/index.tsx": {"path":"/home/wagner/Projetos/react-native/gofinances2/src/components/Form/Button/index.tsx","statementMap":{"0":{"start":{"line":19,"column":4},"end":{"line":31,"column":5}}},"fnMap":{"0":{"name":"Button","decl":{"start":{"line":13,"column":16},"end":{"line":13,"column":22}},"loc":{"start":{"line":17,"column":8},"end":{"line":32,"column":1}},"line":17}},"branchMap":{},"s":{"0":4},"f":{"0":4},"b":{},"_coverageSchema":"1a1c01bbd47fc00a2c39e90264f33305004495a9","hash":"0acf51817117398218059a25e0ba4983097991c4"}
,"/home/wagner/Projetos/react-native/gofinances2/src/components/Form/CategorySelectButton/index.tsx": {"path":"/home/wagner/Projetos/react-native/gofinances2/src/components/Form/CategorySelectButton/index.tsx","statementMap":{"0":{"start":{"line":21,"column":4},"end":{"line":31,"column":5}}},"fnMap":{"0":{"name":"CategorySelectButton","decl":{"start":{"line":16,"column":16},"end":{"line":16,"column":36}},"loc":{"start":{"line":20,"column":8},"end":{"line":32,"column":1}},"line":20}},"branchMap":{},"s":{"0":2},"f":{"0":2},"b":{},"_coverageSchema":"1a1c01bbd47fc00a2c39e90264f33305004495a9","hash":"35dd87e986b4df64b48f40ed94b78bfefcc7bfa8"}
,"/home/wagner/Projetos/react-native/gofinances2/src/components/Form/Input/index.tsx": {"path":"/home/wagner/Projetos/react-native/gofinances2/src/components/Form/Input/index.tsx","statementMap":{"0":{"start":{"line":16,"column":4},"end":{"line":21,"column":5}}},"fnMap":{"0":{"name":"Input","decl":{"start":{"line":12,"column":16},"end":{"line":12,"column":21}},"loc":{"start":{"line":15,"column":8},"end":{"line":22,"column":1}},"line":15}},"branchMap":{"0":{"loc":{"start":{"line":13,"column":4},"end":{"line":13,"column":16}},"type":"default-arg","locations":[{"start":{"line":13,"column":11},"end":{"line":13,"column":16}}],"line":13}},"s":{"0":5},"f":{"0":5},"b":{"0":[4]},"_coverageSchema":"1a1c01bbd47fc00a2c39e90264f33305004495a9","hash":"4443f84a1bf29a81841400a7d5e3dee78bdad941"}
,"/home/wagner/Projetos/react-native/gofinances2/src/components/Form/InputForm/index.tsx": {"path":"/home/wagner/Projetos/react-native/gofinances2/src/components/Form/InputForm/index.tsx","statementMap":{"0":{"start":{"line":24,"column":4},"end":{"line":45,"column":5}},"1":{"start":{"line":30,"column":12},"end":{"line":34,"column":14}}},"fnMap":{"0":{"name":"InputForm","decl":{"start":{"line":18,"column":16},"end":{"line":18,"column":25}},"loc":{"start":{"line":23,"column":8},"end":{"line":46,"column":1}},"line":23},"1":{"name":"(anonymous_1)","decl":{"start":{"line":29,"column":20},"end":{"line":29,"column":21}},"loc":{"start":{"line":30,"column":12},"end":{"line":34,"column":14}},"line":30}},"branchMap":{"0":{"loc":{"start":{"line":40,"column":13},"end":{"line":40,"column":44}},"type":"binary-expr","locations":[{"start":{"line":40,"column":13},"end":{"line":40,"column":18}},{"start":{"line":40,"column":22},"end":{"line":40,"column":44}}],"line":40}},"s":{"0":4,"1":4},"f":{"0":4,"1":4},"b":{"0":[4,0]},"_coverageSchema":"1a1c01bbd47fc00a2c39e90264f33305004495a9","hash":"ddf972b715862457bbc5cefcc433bc4ef707cb0f"}
,"/home/wagner/Projetos/react-native/gofinances2/src/components/Form/TransactionTypeButton/index.tsx": {"path":"/home/wagner/Projetos/react-native/gofinances2/src/components/Form/TransactionTypeButton/index.tsx","statementMap":{"0":{"start":{"line":10,"column":13},"end":{"line":13,"column":1}},"1":{"start":{"line":29,"column":4},"end":{"line":55,"column":5}}},"fnMap":{"0":{"name":"TransactionTypeButton","decl":{"start":{"line":23,"column":16},"end":{"line":23,"column":37}},"loc":{"start":{"line":28,"column":8},"end":{"line":56,"column":1}},"line":28}},"branchMap":{},"s":{"0":1,"1":4},"f":{"0":4},"b":{},"_coverageSchema":"1a1c01bbd47fc00a2c39e90264f33305004495a9","hash":"be238cc9b14910a101649c2b51394af228982a45"}
,"/home/wagner/Projetos/react-native/gofinances2/src/components/HighLightCard/index.tsx": {"path":"/home/wagner/Projetos/react-native/gofinances2/src/components/HighLightCard/index.tsx","statementMap":{"0":{"start":{"line":20,"column":12},"end":{"line":24,"column":2}},"1":{"start":{"line":34,"column":4},"end":{"line":55,"column":5}}},"fnMap":{"0":{"name":"HighLightCard","decl":{"start":{"line":27,"column":16},"end":{"line":27,"column":29}},"loc":{"start":{"line":32,"column":8},"end":{"line":58,"column":1}},"line":32}},"branchMap":{},"s":{"0":0,"1":0},"f":{"0":0},"b":{}}
,"/home/wagner/Projetos/react-native/gofinances2/src/components/HistoryCard/index.tsx": {"path":"/home/wagner/Projetos/react-native/gofinances2/src/components/HistoryCard/index.tsx","statementMap":{"0":{"start":{"line":21,"column":4},"end":{"line":26,"column":5}}},"fnMap":{"0":{"name":"HistoryCard","decl":{"start":{"line":16,"column":16},"end":{"line":16,"column":27}},"loc":{"start":{"line":20,"column":8},"end":{"line":27,"column":1}},"line":20}},"branchMap":{},"s":{"0":0},"f":{"0":0},"b":{}}
,"/home/wagner/Projetos/react-native/gofinances2/src/components/SignInSocialButton/index.tsx": {"path":"/home/wagner/Projetos/react-native/gofinances2/src/components/SignInSocialButton/index.tsx","statementMap":{"0":{"start":{"line":22,"column":4},"end":{"line":33,"column":5}}},"fnMap":{"0":{"name":"SignInSocialButton","decl":{"start":{"line":17,"column":16},"end":{"line":17,"column":34}},"loc":{"start":{"line":21,"column":8},"end":{"line":34,"column":1}},"line":21}},"branchMap":{},"s":{"0":0},"f":{"0":0},"b":{}}
,"/home/wagner/Projetos/react-native/gofinances2/src/components/TransactionCard/index.tsx": {"path":"/home/wagner/Projetos/react-native/gofinances2/src/components/TransactionCard/index.tsx","statementMap":{"0":{"start":{"line":31,"column":23},"end":{"line":33,"column":5}},"1":{"start":{"line":32,"column":14},"end":{"line":32,"column":38}},"2":{"start":{"line":35,"column":4},"end":{"line":60,"column":5}}},"fnMap":{"0":{"name":"TransactionCard","decl":{"start":{"line":29,"column":16},"end":{"line":29,"column":31}},"loc":{"start":{"line":29,"column":45},"end":{"line":61,"column":1}},"line":29},"1":{"name":"(anonymous_1)","decl":{"start":{"line":32,"column":8},"end":{"line":32,"column":9}},"loc":{"start":{"line":32,"column":14},"end":{"line":32,"column":38}},"line":32}},"branchMap":{"0":{"loc":{"start":{"line":43,"column":17},"end":{"line":43,"column":45}},"type":"binary-expr","locations":[{"start":{"line":43,"column":17},"end":{"line":43,"column":39}},{"start":{"line":43,"column":41},"end":{"line":43,"column":45}}],"line":43}},"s":{"0":0,"1":0,"2":0},"f":{"0":0,"1":0},"b":{"0":[0,0]}}
,"/home/wagner/Projetos/react-native/gofinances2/src/hooks/auth.tsx": {"path":"/home/wagner/Projetos/react-native/gofinances2/src/hooks/auth.tsx","statementMap":{"0":{"start":{"line":9,"column":20},"end":{"line":9,"column":31}},"1":{"start":{"line":10,"column":23},"end":{"line":10,"column":34}},"2":{"start":{"line":52,"column":20},"end":{"line":52,"column":57}},"3":{"start":{"line":56,"column":31},"end":{"line":56,"column":57}},"4":{"start":{"line":57,"column":59},"end":{"line":57,"column":73}},"5":{"start":{"line":59,"column":30},"end":{"line":59,"column":48}},"6":{"start":{"line":63,"column":12},"end":{"line":102,"column":13}},"7":{"start":{"line":64,"column":36},"end":{"line":64,"column":43}},"8":{"start":{"line":65,"column":28},"end":{"line":65,"column":54}},"9":{"start":{"line":67,"column":30},"end":{"line":67,"column":174}},"10":{"start":{"line":71,"column":38},"end":{"line":72,"column":63}},"11":{"start":{"line":76,"column":16},"end":{"line":96,"column":17}},"12":{"start":{"line":77,"column":37},"end":{"line":77,"column":142}},"13":{"start":{"line":78,"column":37},"end":{"line":78,"column":58}},"14":{"start":{"line":80,"column":20},"end":{"line":80,"column":41}},"15":{"start":{"line":84,"column":20},"end":{"line":93,"column":21}},"16":{"start":{"line":85,"column":42},"end":{"line":90,"column":25}},"17":{"start":{"line":91,"column":20},"end":{"line":91,"column":39}},"18":{"start":{"line":92,"column":20},"end":{"line":92,"column":89}},"19":{"start":{"line":101,"column":16},"end":{"line":101,"column":38}},"20":{"start":{"line":108,"column":12},"end":{"line":137,"column":13}},"21":{"start":{"line":109,"column":35},"end":{"line":114,"column":18}},"22":{"start":{"line":116,"column":16},"end":{"line":132,"column":17}},"23":{"start":{"line":118,"column":33},"end":{"line":118,"column":64}},"24":{"start":{"line":119,"column":34},"end":{"line":119,"column":84}},"25":{"start":{"line":122,"column":38},"end":{"line":127,"column":21}},"26":{"start":{"line":128,"column":16},"end":{"line":128,"column":35}},"27":{"start":{"line":129,"column":16},"end":{"line":129,"column":85}},"28":{"start":{"line":136,"column":16},"end":{"line":136,"column":39}},"29":{"start":{"line":143,"column":12},"end":{"line":143,"column":32}},"30":{"start":{"line":145,"column":12},"end":{"line":145,"column":57}},"31":{"start":{"line":148,"column":8},"end":{"line":163,"column":13}},"32":{"start":{"line":151,"column":33},"end":{"line":151,"column":75}},"33":{"start":{"line":153,"column":12},"end":{"line":156,"column":13}},"34":{"start":{"line":154,"column":35},"end":{"line":154,"column":67}},"35":{"start":{"line":155,"column":16},"end":{"line":155,"column":35}},"36":{"start":{"line":158,"column":12},"end":{"line":158,"column":40}},"37":{"start":{"line":161,"column":12},"end":{"line":161,"column":29}},"38":{"start":{"line":165,"column":4},"end":{"line":175,"column":5}},"39":{"start":{"line":181,"column":20},"end":{"line":181,"column":43}},"40":{"start":{"line":183,"column":4},"end":{"line":183,"column":19}}},"fnMap":{"0":{"name":"AuthProvider","decl":{"start":{"line":55,"column":10},"end":{"line":55,"column":22}},"loc":{"start":{"line":55,"column":54},"end":{"line":176,"column":1}},"line":55},"1":{"name":"signInWithGoogle","decl":{"start":{"line":62,"column":24},"end":{"line":62,"column":40}},"loc":{"start":{"line":62,"column":44},"end":{"line":105,"column":9}},"line":62},"2":{"name":"signInWithApple","decl":{"start":{"line":107,"column":23},"end":{"line":107,"column":38}},"loc":{"start":{"line":107,"column":40},"end":{"line":139,"column":9}},"line":107},"3":{"name":"signOut","decl":{"start":{"line":142,"column":23},"end":{"line":142,"column":30}},"loc":{"start":{"line":142,"column":33},"end":{"line":146,"column":11}},"line":142},"4":{"name":"(anonymous_4)","decl":{"start":{"line":148,"column":18},"end":{"line":148,"column":19}},"loc":{"start":{"line":148,"column":22},"end":{"line":163,"column":9}},"line":148},"5":{"name":"loadStorageDate","decl":{"start":{"line":150,"column":23},"end":{"line":150,"column":38}},"loc":{"start":{"line":150,"column":41},"end":{"line":159,"column":9}},"line":150},"6":{"name":"useAuth","decl":{"start":{"line":179,"column":9},"end":{"line":179,"column":16}},"loc":{"start":{"line":179,"column":18},"end":{"line":184,"column":1}},"line":179}},"branchMap":{"0":{"loc":{"start":{"line":76,"column":16},"end":{"line":96,"column":17}},"type":"if","locations":[{"start":{"line":76,"column":16},"end":{"line":96,"column":17}},{"start":{},"end":{}}],"line":76},"1":{"loc":{"start":{"line":84,"column":20},"end":{"line":93,"column":21}},"type":"if","locations":[{"start":{"line":84,"column":20},"end":{"line":93,"column":21}},{"start":{},"end":{}}],"line":84},"2":{"loc":{"start":{"line":116,"column":16},"end":{"line":132,"column":17}},"type":"if","locations":[{"start":{"line":116,"column":16},"end":{"line":132,"column":17}},{"start":{},"end":{}}],"line":116},"3":{"loc":{"start":{"line":153,"column":12},"end":{"line":156,"column":13}},"type":"if","locations":[{"start":{"line":153,"column":12},"end":{"line":156,"column":13}},{"start":{},"end":{}}],"line":153}},"s":{"0":2,"1":2,"2":2,"3":5,"4":5,"5":5,"6":3,"7":3,"8":3,"9":3,"10":3,"11":2,"12":1,"13":1,"14":1,"15":1,"16":1,"17":1,"18":1,"19":1,"20":0,"21":0,"22":0,"23":0,"24":0,"25":0,"26":0,"27":0,"28":0,"29":0,"30":0,"31":5,"32":3,"33":2,"34":1,"35":1,"36":2,"37":3,"38":5,"39":7,"40":7},"f":{"0":5,"1":3,"2":0,"3":0,"4":3,"5":3,"6":7},"b":{"0":[1,1],"1":[1,0],"2":[0,0],"3":[1,1]},"_coverageSchema":"1a1c01bbd47fc00a2c39e90264f33305004495a9","hash":"188515c602821f6314216969e686efb2a677aea0"}
,"/home/wagner/Projetos/react-native/gofinances2/src/routes/app.routes.tsx": {"path":"/home/wagner/Projetos/react-native/gofinances2/src/routes/app.routes.tsx","statementMap":{"0":{"start":{"line":9,"column":27},"end":{"line":9,"column":53}},"1":{"start":{"line":19,"column":18},"end":{"line":19,"column":28}},"2":{"start":{"line":20,"column":4},"end":{"line":74,"column":5}},"3":{"start":{"line":39,"column":16},"end":{"line":43,"column":18}},"4":{"start":{"line":52,"column":16},"end":{"line":56,"column":18}},"5":{"start":{"line":66,"column":16},"end":{"line":70,"column":18}}},"fnMap":{"0":{"name":"AppRoutes","decl":{"start":{"line":17,"column":16},"end":{"line":17,"column":25}},"loc":{"start":{"line":17,"column":27},"end":{"line":75,"column":1}},"line":17},"1":{"name":"(anonymous_1)","decl":{"start":{"line":38,"column":29},"end":{"line":38,"column":30}},"loc":{"start":{"line":39,"column":16},"end":{"line":43,"column":18}},"line":39},"2":{"name":"(anonymous_2)","decl":{"start":{"line":51,"column":29},"end":{"line":51,"column":30}},"loc":{"start":{"line":52,"column":16},"end":{"line":56,"column":18}},"line":52},"3":{"name":"(anonymous_3)","decl":{"start":{"line":65,"column":29},"end":{"line":65,"column":30}},"loc":{"start":{"line":66,"column":16},"end":{"line":70,"column":18}},"line":66}},"branchMap":{"0":{"loc":{"start":{"line":29,"column":32},"end":{"line":29,"column":58}},"type":"cond-expr","locations":[{"start":{"line":29,"column":54},"end":{"line":29,"column":56}},{"start":{"line":29,"column":57},"end":{"line":29,"column":58}}],"line":29}},"s":{"0":0,"1":0,"2":0,"3":0,"4":0,"5":0},"f":{"0":0,"1":0,"2":0,"3":0},"b":{"0":[0,0]}}
,"/home/wagner/Projetos/react-native/gofinances2/src/routes/auth.routes.tsx": {"path":"/home/wagner/Projetos/react-native/gofinances2/src/routes/auth.routes.tsx","statementMap":{"0":{"start":{"line":7,"column":29},"end":{"line":7,"column":51}},"1":{"start":{"line":10,"column":4},"end":{"line":20,"column":5}}},"fnMap":{"0":{"name":"AuthRoutes","decl":{"start":{"line":9,"column":16},"end":{"line":9,"column":26}},"loc":{"start":{"line":9,"column":28},"end":{"line":21,"column":1}},"line":9}},"branchMap":{},"s":{"0":0,"1":0},"f":{"0":0},"b":{}}
,"/home/wagner/Projetos/react-native/gofinances2/src/routes/index.tsx": {"path":"/home/wagner/Projetos/react-native/gofinances2/src/routes/index.tsx","statementMap":{"0":{"start":{"line":12,"column":21},"end":{"line":12,"column":30}},"1":{"start":{"line":14,"column":4},"end":{"line":20,"column":5}}},"fnMap":{"0":{"name":"Routes","decl":{"start":{"line":10,"column":16},"end":{"line":10,"column":22}},"loc":{"start":{"line":10,"column":24},"end":{"line":21,"column":1}},"line":10}},"branchMap":{"0":{"loc":{"start":{"line":16,"column":12},"end":{"line":16,"column":46}},"type":"cond-expr","locations":[{"start":{"line":16,"column":20},"end":{"line":16,"column":32}},{"start":{"line":16,"column":33},"end":{"line":16,"column":46}}],"line":16}},"s":{"0":0,"1":0},"f":{"0":0},"b":{"0":[0,0]}}
,"/home/wagner/Projetos/react-native/gofinances2/src/screens/CategorySelect/index.tsx": {"path":"/home/wagner/Projetos/react-native/gofinances2/src/screens/CategorySelect/index.tsx","statementMap":{"0":{"start":{"line":39,"column":8},"end":{"line":39,"column":30}},"1":{"start":{"line":42,"column":4},"end":{"line":83,"column":5}},"2":{"start":{"line":51,"column":34},"end":{"line":51,"column":42}},"3":{"start":{"line":53,"column":16},"end":{"line":60,"column":27}},"4":{"start":{"line":54,"column":29},"end":{"line":54,"column":55}},"5":{"start":{"line":62,"column":41},"end":{"line":62,"column":53}}},"fnMap":{"0":{"name":"CategorySelect","decl":{"start":{"line":32,"column":16},"end":{"line":32,"column":30}},"loc":{"start":{"line":36,"column":8},"end":{"line":84,"column":1}},"line":36},"1":{"name":"handleCategorySelect","decl":{"start":{"line":38,"column":13},"end":{"line":38,"column":33}},"loc":{"start":{"line":38,"column":53},"end":{"line":41,"column":5}},"line":38},"2":{"name":"(anonymous_2)","decl":{"start":{"line":51,"column":26},"end":{"line":51,"column":27}},"loc":{"start":{"line":51,"column":34},"end":{"line":51,"column":42}},"line":51},"3":{"name":"(anonymous_3)","decl":{"start":{"line":52,"column":24},"end":{"line":52,"column":25}},"loc":{"start":{"line":53,"column":16},"end":{"line":60,"column":27}},"line":53},"4":{"name":"(anonymous_4)","decl":{"start":{"line":54,"column":25},"end":{"line":54,"column":26}},"loc":{"start":{"line":54,"column":29},"end":{"line":54,"column":55}},"line":54},"5":{"name":"(anonymous_5)","decl":{"start":{"line":62,"column":36},"end":{"line":62,"column":37}},"loc":{"start":{"line":62,"column":41},"end":{"line":62,"column":53}},"line":62}},"branchMap":{},"s":{"0":0,"1":2,"2":12,"3":12,"4":0,"5":10},"f":{"0":2,"1":0,"2":12,"3":12,"4":0,"5":10},"b":{},"_coverageSchema":"1a1c01bbd47fc00a2c39e90264f33305004495a9","hash":"e75869e7f9493eb638e410f4c50540a6c131156e"}
,"/home/wagner/Projetos/react-native/gofinances2/src/screens/Dashboard/index.tsx": {"path":"/home/wagner/Projetos/react-native/gofinances2/src/screens/Dashboard/index.tsx","statementMap":{"0":{"start":{"line":52,"column":36},"end":{"line":52,"column":50}},"1":{"start":{"line":53,"column":43},"end":{"line":53,"column":70}},"2":{"start":{"line":54,"column":46},"end":{"line":54,"column":90}},"3":{"start":{"line":56,"column":18},"end":{"line":56,"column":28}},"4":{"start":{"line":57,"column":27},"end":{"line":57,"column":36}},"5":{"start":{"line":68,"column":39},"end":{"line":69,"column":59}},"6":{"start":{"line":69,"column":34},"end":{"line":69,"column":58}},"7":{"start":{"line":72,"column":12},"end":{"line":74,"column":13}},"8":{"start":{"line":73,"column":20},"end":{"line":73,"column":28}},"9":{"start":{"line":78,"column":36},"end":{"line":80,"column":69}},"10":{"start":{"line":80,"column":30},"end":{"line":80,"column":66}},"11":{"start":{"line":83,"column":12},"end":{"line":83,"column":110}},"12":{"start":{"line":87,"column":25},"end":{"line":87,"column":67}},"13":{"start":{"line":88,"column":25},"end":{"line":88,"column":60}},"14":{"start":{"line":89,"column":29},"end":{"line":89,"column":63}},"15":{"start":{"line":91,"column":27},"end":{"line":91,"column":28}},"16":{"start":{"line":92,"column":29},"end":{"line":92,"column":30}},"17":{"start":{"line":94,"column":54},"end":{"line":121,"column":14}},"18":{"start":{"line":96,"column":12},"end":{"line":100,"column":13}},"19":{"start":{"line":97,"column":16},"end":{"line":97,"column":49}},"20":{"start":{"line":99,"column":16},"end":{"line":99,"column":51}},"21":{"start":{"line":102,"column":27},"end":{"line":105,"column":18}},"22":{"start":{"line":107,"column":29},"end":{"line":111,"column":46}},"23":{"start":{"line":113,"column":16},"end":{"line":120,"column":17}},"24":{"start":{"line":123,"column":12},"end":{"line":123,"column":50}},"25":{"start":{"line":126,"column":43},"end":{"line":126,"column":90}},"26":{"start":{"line":128,"column":46},"end":{"line":128,"column":93}},"27":{"start":{"line":130,"column":34},"end":{"line":132,"column":48}},"28":{"start":{"line":145,"column":26},"end":{"line":145,"column":55}},"29":{"start":{"line":147,"column":12},"end":{"line":176,"column":10}},"30":{"start":{"line":177,"column":8},"end":{"line":177,"column":27}},"31":{"start":{"line":184,"column":4},"end":{"line":186,"column":13}},"32":{"start":{"line":185,"column":8},"end":{"line":185,"column":26}},"33":{"start":{"line":188,"column":4},"end":{"line":190,"column":14}},"34":{"start":{"line":189,"column":8},"end":{"line":189,"column":26}},"35":{"start":{"line":192,"column":4},"end":{"line":264,"column":5}},"36":{"start":{"line":253,"column":37},"end":{"line":253,"column":44}},"37":{"start":{"line":254,"column":41},"end":{"line":254,"column":72}}},"fnMap":{"0":{"name":"Dashboard","decl":{"start":{"line":50,"column":16},"end":{"line":50,"column":25}},"loc":{"start":{"line":50,"column":27},"end":{"line":265,"column":1}},"line":50},"1":{"name":"getLastTransactionDate","decl":{"start":{"line":63,"column":13},"end":{"line":63,"column":35}},"loc":{"start":{"line":66,"column":17},"end":{"line":84,"column":5}},"line":66},"2":{"name":"(anonymous_2)","decl":{"start":{"line":69,"column":20},"end":{"line":69,"column":21}},"loc":{"start":{"line":69,"column":34},"end":{"line":69,"column":58}},"line":69},"3":{"name":"(anonymous_3)","decl":{"start":{"line":80,"column":17},"end":{"line":80,"column":18}},"loc":{"start":{"line":80,"column":30},"end":{"line":80,"column":66}},"line":80},"4":{"name":"loadTransactions","decl":{"start":{"line":86,"column":20},"end":{"line":86,"column":36}},"loc":{"start":{"line":86,"column":38},"end":{"line":180,"column":6}},"line":86},"5":{"name":"(anonymous_5)","decl":{"start":{"line":94,"column":71},"end":{"line":94,"column":72}},"loc":{"start":{"line":94,"column":93},"end":{"line":121,"column":13}},"line":94},"6":{"name":"(anonymous_6)","decl":{"start":{"line":184,"column":14},"end":{"line":184,"column":15}},"loc":{"start":{"line":184,"column":18},"end":{"line":186,"column":9}},"line":184},"7":{"name":"(anonymous_7)","decl":{"start":{"line":188,"column":31},"end":{"line":188,"column":32}},"loc":{"start":{"line":188,"column":35},"end":{"line":190,"column":9}},"line":188},"8":{"name":"(anonymous_8)","decl":{"start":{"line":253,"column":31},"end":{"line":253,"column":32}},"loc":{"start":{"line":253,"column":37},"end":{"line":253,"column":44}},"line":253},"9":{"name":"(anonymous_9)","decl":{"start":{"line":254,"column":29},"end":{"line":254,"column":30}},"loc":{"start":{"line":254,"column":41},"end":{"line":254,"column":72}},"line":254}},"branchMap":{"0":{"loc":{"start":{"line":72,"column":12},"end":{"line":74,"column":13}},"type":"if","locations":[{"start":{"line":72,"column":12},"end":{"line":74,"column":13}},{"start":{},"end":{}}],"line":72},"1":{"loc":{"start":{"line":89,"column":29},"end":{"line":89,"column":63}},"type":"cond-expr","locations":[{"start":{"line":89,"column":40},"end":{"line":89,"column":60}},{"start":{"line":89,"column":61},"end":{"line":89,"column":63}}],"line":89},"2":{"loc":{"start":{"line":96,"column":12},"end":{"line":100,"column":13}},"type":"if","locations":[{"start":{"line":96,"column":12},"end":{"line":100,"column":13}},{"start":{"line":98,"column":17},"end":{"line":100,"column":13}}],"line":96},"3":{"loc":{"start":{"line":130,"column":34},"end":{"line":132,"column":48}},"type":"cond-expr","locations":[{"start":{"line":131,"column":12},"end":{"line":131,"column":31}},{"start":{"line":132,"column":13},"end":{"line":132,"column":48}}],"line":130},"4":{"loc":{"start":{"line":153,"column":36},"end":{"line":156,"column":67}},"type":"cond-expr","locations":[{"start":{"line":155,"column":20},"end":{"line":155,"column":39}},{"start":{"line":156,"column":21},"end":{"line":156,"column":67}}],"line":153},"5":{"loc":{"start":{"line":163,"column":36},"end":{"line":165,"column":68}},"type":"cond-expr","locations":[{"start":{"line":164,"column":20},"end":{"line":164,"column":39}},{"start":{"line":165,"column":21},"end":{"line":165,"column":68}}],"line":163},"6":{"loc":{"start":{"line":198,"column":16},"end":{"line":260,"column":15}},"type":"cond-expr","locations":[{"start":{"line":198,"column":27},"end":{"line":203,"column":36}},{"start":{"line":204,"column":16},"end":{"line":260,"column":15}}],"line":198}},"s":{"0":0,"1":0,"2":0,"3":0,"4":0,"5":0,"6":0,"7":0,"8":0,"9":0,"10":0,"11":0,"12":0,"13":0,"14":0,"15":0,"16":0,"17":0,"18":0,"19":0,"20":0,"21":0,"22":0,"23":0,"24":0,"25":0,"26":0,"27":0,"28":0,"29":0,"30":0,"31":0,"32":0,"33":0,"34":0,"35":0,"36":0,"37":0},"f":{"0":0,"1":0,"2":0,"3":0,"4":0,"5":0,"6":0,"7":0,"8":0,"9":0},"b":{"0":[0,0],"1":[0,0],"2":[0,0],"3":[0,0],"4":[0,0],"5":[0,0],"6":[0,0]}}
,"/home/wagner/Projetos/react-native/gofinances2/src/screens/Profile/index.tsx": {"path":"/home/wagner/Projetos/react-native/gofinances2/src/screens/Profile/index.tsx","statementMap":{"0":{"start":{"line":11,"column":2},"end":{"line":37,"column":4}}},"fnMap":{"0":{"name":"Profile","decl":{"start":{"line":10,"column":16},"end":{"line":10,"column":23}},"loc":{"start":{"line":10,"column":25},"end":{"line":38,"column":1}},"line":10},"1":{"name":"(anonymous_1)","decl":{"start":{"line":33,"column":14},"end":{"line":33,"column":15}},"loc":{"start":{"line":33,"column":18},"end":{"line":33,"column":20}},"line":33}},"branchMap":{},"s":{"0":3},"f":{"0":3,"1":0},"b":{},"_coverageSchema":"1a1c01bbd47fc00a2c39e90264f33305004495a9","hash":"0de9817494d5d90dde41cfc6b4b0c54887ec440a"}
,"/home/wagner/Projetos/react-native/gofinances2/src/screens/Register/index.tsx": {"path":"/home/wagner/Projetos/react-native/gofinances2/src/screens/Register/index.tsx","statementMap":{"0":{"start":{"line":47,"column":15},"end":{"line":57,"column":2}},"1":{"start":{"line":63,"column":49},"end":{"line":63,"column":61}},"2":{"start":{"line":64,"column":53},"end":{"line":64,"column":68}},"3":{"start":{"line":66,"column":21},"end":{"line":66,"column":30}},"4":{"start":{"line":69,"column":35},"end":{"line":72,"column":6}},"5":{"start":{"line":74,"column":23},"end":{"line":74,"column":55}},"6":{"start":{"line":82,"column":7},"end":{"line":84,"column":6}},"7":{"start":{"line":88,"column":8},"end":{"line":88,"column":32}},"8":{"start":{"line":92,"column":8},"end":{"line":92,"column":34}},"9":{"start":{"line":96,"column":8},"end":{"line":96,"column":35}},"10":{"start":{"line":102,"column":8},"end":{"line":103,"column":64}},"11":{"start":{"line":103,"column":12},"end":{"line":103,"column":64}},"12":{"start":{"line":105,"column":8},"end":{"line":106,"column":56}},"13":{"start":{"line":106,"column":12},"end":{"line":106,"column":56}},"14":{"start":{"line":108,"column":29},"end":{"line":116,"column":9}},"15":{"start":{"line":118,"column":8},"end":{"line":143,"column":9}},"16":{"start":{"line":119,"column":28},"end":{"line":119,"column":70}},"17":{"start":{"line":120,"column":26},"end":{"line":120,"column":61}},"18":{"start":{"line":121,"column":32},"end":{"line":121,"column":60}},"19":{"start":{"line":123,"column":34},"end":{"line":126,"column":13}},"20":{"start":{"line":128,"column":12},"end":{"line":128,"column":77}},"21":{"start":{"line":130,"column":12},"end":{"line":130,"column":20}},"22":{"start":{"line":132,"column":12},"end":{"line":132,"column":34}},"23":{"start":{"line":133,"column":12},"end":{"line":136,"column":15}},"24":{"start":{"line":138,"column":12},"end":{"line":138,"column":44}},"25":{"start":{"line":141,"column":12},"end":{"line":141,"column":30}},"26":{"start":{"line":142,"column":12},"end":{"line":142,"column":50}},"27":{"start":{"line":149,"column":4},"end":{"line":231,"column":5}},"28":{"start":{"line":184,"column":29},"end":{"line":184,"column":70}},"29":{"start":{"line":191,"column":29},"end":{"line":191,"column":70}}},"fnMap":{"0":{"name":"Register","decl":{"start":{"line":60,"column":16},"end":{"line":60,"column":24}},"loc":{"start":{"line":60,"column":26},"end":{"line":232,"column":1}},"line":60},"1":{"name":"handleTransactionsTypesSelect","decl":{"start":{"line":87,"column":13},"end":{"line":87,"column":42}},"loc":{"start":{"line":87,"column":70},"end":{"line":89,"column":5}},"line":87},"2":{"name":"handleOpenSelectCategoryModal","decl":{"start":{"line":91,"column":13},"end":{"line":91,"column":42}},"loc":{"start":{"line":91,"column":44},"end":{"line":93,"column":5}},"line":91},"3":{"name":"handleCloseSelectCategoryModal","decl":{"start":{"line":95,"column":13},"end":{"line":95,"column":43}},"loc":{"start":{"line":95,"column":45},"end":{"line":97,"column":5}},"line":95},"4":{"name":"handleRegister","decl":{"start":{"line":100,"column":19},"end":{"line":100,"column":33}},"loc":{"start":{"line":100,"column":48},"end":{"line":144,"column":5}},"line":100},"5":{"name":"(anonymous_5)","decl":{"start":{"line":184,"column":25},"end":{"line":184,"column":26}},"loc":{"start":{"line":184,"column":29},"end":{"line":184,"column":70}},"line":184},"6":{"name":"(anonymous_6)","decl":{"start":{"line":191,"column":25},"end":{"line":191,"column":26}},"loc":{"start":{"line":191,"column":29},"end":{"line":191,"column":70}},"line":191}},"branchMap":{"0":{"loc":{"start":{"line":102,"column":8},"end":{"line":103,"column":64}},"type":"if","locations":[{"start":{"line":102,"column":8},"end":{"line":103,"column":64}},{"start":{},"end":{}}],"line":102},"1":{"loc":{"start":{"line":105,"column":8},"end":{"line":106,"column":56}},"type":"if","locations":[{"start":{"line":105,"column":8},"end":{"line":106,"column":56}},{"start":{},"end":{}}],"line":105},"2":{"loc":{"start":{"line":121,"column":32},"end":{"line":121,"column":60}},"type":"cond-expr","locations":[{"start":{"line":121,"column":39},"end":{"line":121,"column":55}},{"start":{"line":121,"column":58},"end":{"line":121,"column":60}}],"line":121},"3":{"loc":{"start":{"line":166,"column":27},"end":{"line":166,"column":61}},"type":"binary-expr","locations":[{"start":{"line":166,"column":27},"end":{"line":166,"column":38}},{"start":{"line":166,"column":42},"end":{"line":166,"column":61}}],"line":166},"4":{"loc":{"start":{"line":175,"column":27},"end":{"line":175,"column":65}},"type":"binary-expr","locations":[{"start":{"line":175,"column":27},"end":{"line":175,"column":40}},{"start":{"line":175,"column":44},"end":{"line":175,"column":65}}],"line":175}},"s":{"0":1,"1":2,"2":2,"3":2,"4":2,"5":2,"6":2,"7":0,"8":1,"9":0,"10":0,"11":0,"12":0,"13":0,"14":0,"15":0,"16":0,"17":0,"18":0,"19":0,"20":0,"21":0,"22":0,"23":0,"24":0,"25":0,"26":0,"27":2,"28":0,"29":0},"f":{"0":2,"1":0,"2":1,"3":0,"4":0,"5":0,"6":0},"b":{"0":[0,0],"1":[0,0],"2":[0,0],"3":[2,0],"4":[2,0]},"_coverageSchema":"1a1c01bbd47fc00a2c39e90264f33305004495a9","hash":"f0a4c693d8fa71e3664beab19b6f4643f79241ff"}
,"/home/wagner/Projetos/react-native/gofinances2/src/screens/Resume/index.tsx": {"path":"/home/wagner/Projetos/react-native/gofinances2/src/screens/Resume/index.tsx","statementMap":{"0":{"start":{"line":57,"column":36},"end":{"line":57,"column":51}},"1":{"start":{"line":59,"column":45},"end":{"line":59,"column":65}},"2":{"start":{"line":61,"column":53},"end":{"line":61,"column":81}},"3":{"start":{"line":63,"column":18},"end":{"line":63,"column":28}},"4":{"start":{"line":65,"column":19},"end":{"line":65,"column":28}},"5":{"start":{"line":68,"column":8},"end":{"line":72,"column":9}},"6":{"start":{"line":69,"column":12},"end":{"line":69,"column":54}},"7":{"start":{"line":71,"column":12},"end":{"line":71,"column":54}},"8":{"start":{"line":77,"column":8},"end":{"line":77,"column":26}},"9":{"start":{"line":78,"column":24},"end":{"line":78,"column":66}},"10":{"start":{"line":79,"column":26},"end":{"line":79,"column":61}},"11":{"start":{"line":80,"column":34},"end":{"line":80,"column":70}},"12":{"start":{"line":82,"column":27},"end":{"line":87,"column":9}},"13":{"start":{"line":84,"column":8},"end":{"line":86,"column":75}},"14":{"start":{"line":92,"column":32},"end":{"line":96,"column":12}},"15":{"start":{"line":94,"column":12},"end":{"line":94,"column":57}},"16":{"start":{"line":98,"column":47},"end":{"line":98,"column":49}},"17":{"start":{"line":100,"column":8},"end":{"line":129,"column":10}},"18":{"start":{"line":101,"column":31},"end":{"line":101,"column":32}},"19":{"start":{"line":103,"column":12},"end":{"line":107,"column":15}},"20":{"start":{"line":104,"column":16},"end":{"line":106,"column":17}},"21":{"start":{"line":105,"column":20},"end":{"line":105,"column":59}},"22":{"start":{"line":109,"column":12},"end":{"line":128,"column":11}},"23":{"start":{"line":111,"column":39},"end":{"line":116,"column":18}},"24":{"start":{"line":118,"column":32},"end":{"line":118,"column":83}},"25":{"start":{"line":120,"column":16},"end":{"line":127,"column":14}},"26":{"start":{"line":131,"column":8},"end":{"line":131,"column":45}},"27":{"start":{"line":132,"column":8},"end":{"line":132,"column":27}},"28":{"start":{"line":138,"column":4},"end":{"line":140,"column":26}},"29":{"start":{"line":139,"column":8},"end":{"line":139,"column":18}},"30":{"start":{"line":142,"column":4},"end":{"line":224,"column":5}},"31":{"start":{"line":171,"column":56},"end":{"line":171,"column":80}},"32":{"start":{"line":180,"column":55},"end":{"line":180,"column":79}},"33":{"start":{"line":193,"column":72},"end":{"line":193,"column":86}},"34":{"start":{"line":211,"column":24},"end":{"line":216,"column":26}}},"fnMap":{"0":{"name":"Resume","decl":{"start":{"line":56,"column":16},"end":{"line":56,"column":22}},"loc":{"start":{"line":56,"column":24},"end":{"line":226,"column":1}},"line":56},"1":{"name":"handleChangeDate","decl":{"start":{"line":67,"column":13},"end":{"line":67,"column":29}},"loc":{"start":{"line":67,"column":51},"end":{"line":73,"column":5}},"line":67},"2":{"name":"loadData","decl":{"start":{"line":76,"column":19},"end":{"line":76,"column":27}},"loc":{"start":{"line":76,"column":29},"end":{"line":134,"column":5}},"line":76},"3":{"name":"(anonymous_3)","decl":{"start":{"line":83,"column":16},"end":{"line":83,"column":17}},"loc":{"start":{"line":84,"column":8},"end":{"line":86,"column":75}},"line":84},"4":{"name":"(anonymous_4)","decl":{"start":{"line":93,"column":16},"end":{"line":93,"column":17}},"loc":{"start":{"line":93,"column":64},"end":{"line":96,"column":9}},"line":93},"5":{"name":"(anonymous_5)","decl":{"start":{"line":100,"column":27},"end":{"line":100,"column":28}},"loc":{"start":{"line":100,"column":37},"end":{"line":129,"column":9}},"line":100},"6":{"name":"(anonymous_6)","decl":{"start":{"line":103,"column":31},"end":{"line":103,"column":32}},"loc":{"start":{"line":103,"column":60},"end":{"line":107,"column":13}},"line":103},"7":{"name":"(anonymous_7)","decl":{"start":{"line":138,"column":31},"end":{"line":138,"column":32}},"loc":{"start":{"line":138,"column":35},"end":{"line":140,"column":9}},"line":138},"8":{"name":"(anonymous_8)","decl":{"start":{"line":171,"column":52},"end":{"line":171,"column":53}},"loc":{"start":{"line":171,"column":56},"end":{"line":171,"column":80}},"line":171},"9":{"name":"(anonymous_9)","decl":{"start":{"line":180,"column":51},"end":{"line":180,"column":52}},"loc":{"start":{"line":180,"column":55},"end":{"line":180,"column":79}},"line":180},"10":{"name":"(anonymous_10)","decl":{"start":{"line":193,"column":62},"end":{"line":193,"column":63}},"loc":{"start":{"line":193,"column":72},"end":{"line":193,"column":86}},"line":193},"11":{"name":"(anonymous_11)","decl":{"start":{"line":210,"column":46},"end":{"line":210,"column":47}},"loc":{"start":{"line":211,"column":24},"end":{"line":216,"column":26}},"line":211}},"branchMap":{"0":{"loc":{"start":{"line":68,"column":8},"end":{"line":72,"column":9}},"type":"if","locations":[{"start":{"line":68,"column":8},"end":{"line":72,"column":9}},{"start":{"line":70,"column":13},"end":{"line":72,"column":9}}],"line":68},"1":{"loc":{"start":{"line":80,"column":34},"end":{"line":80,"column":70}},"type":"cond-expr","locations":[{"start":{"line":80,"column":45},"end":{"line":80,"column":65}},{"start":{"line":80,"column":68},"end":{"line":80,"column":70}}],"line":80},"2":{"loc":{"start":{"line":84,"column":8},"end":{"line":86,"column":75}},"type":"binary-expr","locations":[{"start":{"line":84,"column":8},"end":{"line":84,"column":35}},{"start":{"line":85,"column":8},"end":{"line":85,"column":69}},{"start":{"line":86,"column":8},"end":{"line":86,"column":75}}],"line":84},"3":{"loc":{"start":{"line":104,"column":16},"end":{"line":106,"column":17}},"type":"if","locations":[{"start":{"line":104,"column":16},"end":{"line":106,"column":17}},{"start":{},"end":{}}],"line":104},"4":{"loc":{"start":{"line":109,"column":12},"end":{"line":128,"column":11}},"type":"if","locations":[{"start":{"line":109,"column":12},"end":{"line":128,"column":11}},{"start":{},"end":{}}],"line":109},"5":{"loc":{"start":{"line":151,"column":14},"end":{"line":220,"column":24}},"type":"cond-expr","locations":[{"start":{"line":152,"column":12},"end":{"line":157,"column":32}},{"start":{"line":161,"column":14},"end":{"line":220,"column":24}}],"line":151}},"s":{"0":0,"1":0,"2":0,"3":0,"4":0,"5":0,"6":0,"7":0,"8":0,"9":0,"10":0,"11":0,"12":0,"13":0,"14":0,"15":0,"16":0,"17":0,"18":0,"19":0,"20":0,"21":0,"22":0,"23":0,"24":0,"25":0,"26":0,"27":0,"28":0,"29":0,"30":0,"31":0,"32":0,"33":0,"34":0},"f":{"0":0,"1":0,"2":0,"3":0,"4":0,"5":0,"6":0,"7":0,"8":0,"9":0,"10":0,"11":0},"b":{"0":[0,0],"1":[0,0],"2":[0,0,0],"3":[0,0],"4":[0,0],"5":[0,0]}}
,"/home/wagner/Projetos/react-native/gofinances2/src/screens/SignIn/index.tsx": {"path":"/home/wagner/Projetos/react-native/gofinances2/src/screens/SignIn/index.tsx","statementMap":{"0":{"start":{"line":33,"column":36},"end":{"line":33,"column":51}},"1":{"start":{"line":35,"column":47},"end":{"line":35,"column":56}},"2":{"start":{"line":40,"column":8},"end":{"line":48,"column":9}},"3":{"start":{"line":41,"column":12},"end":{"line":41,"column":30}},"4":{"start":{"line":42,"column":12},"end":{"line":42,"column":44}},"5":{"start":{"line":45,"column":12},"end":{"line":45,"column":30}},"6":{"start":{"line":46,"column":12},"end":{"line":46,"column":67}},"7":{"start":{"line":47,"column":12},"end":{"line":47,"column":31}},"8":{"start":{"line":53,"column":8},"end":{"line":62,"column":9}},"9":{"start":{"line":54,"column":12},"end":{"line":54,"column":30}},"10":{"start":{"line":55,"column":12},"end":{"line":55,"column":43}},"11":{"start":{"line":58,"column":12},"end":{"line":58,"column":30}},"12":{"start":{"line":59,"column":12},"end":{"line":59,"column":66}},"13":{"start":{"line":60,"column":12},"end":{"line":60,"column":31}},"14":{"start":{"line":71,"column":4},"end":{"line":121,"column":5}}},"fnMap":{"0":{"name":"SignIn","decl":{"start":{"line":32,"column":16},"end":{"line":32,"column":22}},"loc":{"start":{"line":32,"column":24},"end":{"line":122,"column":1}},"line":32},"1":{"name":"handleSignInWithGoogle","decl":{"start":{"line":39,"column":19},"end":{"line":39,"column":41}},"loc":{"start":{"line":39,"column":43},"end":{"line":50,"column":5}},"line":39},"2":{"name":"handleSignInWithApple","decl":{"start":{"line":52,"column":19},"end":{"line":52,"column":40}},"loc":{"start":{"line":52,"column":42},"end":{"line":65,"column":5}},"line":52}},"branchMap":{"0":{"loc":{"start":{"line":102,"column":20},"end":{"line":107,"column":22}},"type":"binary-expr","locations":[{"start":{"line":102,"column":20},"end":{"line":102,"column":40}},{"start":{"line":103,"column":20},"end":{"line":107,"column":22}}],"line":102},"1":{"loc":{"start":{"line":112,"column":17},"end":{"line":116,"column":18}},"type":"binary-expr","locations":[{"start":{"line":112,"column":17},"end":{"line":112,"column":26}},{"start":{"line":113,"column":16},"end":{"line":116,"column":18}}],"line":112}},"s":{"0":0,"1":0,"2":0,"3":0,"4":0,"5":0,"6":0,"7":0,"8":0,"9":0,"10":0,"11":0,"12":0,"13":0,"14":0},"f":{"0":0,"1":0,"2":0},"b":{"0":[0,0],"1":[0,0]}}
}
