TN:
SF:src/components/Form/Button/index.tsx
FN:13,Button
FNF:1
FNH:1
FNDA:4,Button
DA:19,4
LF:1
LH:1
BRF:0
BRH:0
end_of_record
TN:
SF:src/components/Form/CategorySelectButton/index.tsx
FN:16,CategorySelectButton
FNF:1
FNH:1
FNDA:2,CategorySelectButton
DA:21,2
LF:1
LH:1
BRF:0
BRH:0
end_of_record
TN:
SF:src/components/Form/Input/index.tsx
FN:12,Input
FNF:1
FNH:1
FNDA:5,Input
DA:16,5
LF:1
LH:1
BRDA:13,0,0,4
BRF:1
BRH:1
end_of_record
TN:
SF:src/components/Form/InputForm/index.tsx
FN:18,InputForm
FN:29,(anonymous_1)
FNF:2
FNH:2
FNDA:4,InputForm
FNDA:4,(anonymous_1)
DA:24,4
DA:30,4
LF:2
LH:2
BRDA:40,0,0,4
BRDA:40,0,1,0
BRF:2
BRH:1
end_of_record
TN:
SF:src/components/Form/TransactionTypeButton/index.tsx
FN:23,TransactionTypeButton
FNF:1
FNH:1
FNDA:4,TransactionTypeButton
DA:10,1
DA:29,4
LF:2
LH:2
BRF:0
BRH:0
end_of_record
TN:
SF:src/components/HighLightCard/index.tsx
FN:27,HighLightCard
FNF:1
FNH:0
FNDA:0,HighLightCard
DA:20,0
DA:34,0
LF:2
LH:0
BRF:0
BRH:0
end_of_record
TN:
SF:src/components/HistoryCard/index.tsx
FN:16,HistoryCard
FNF:1
FNH:0
FNDA:0,HistoryCard
DA:21,0
LF:1
LH:0
BRF:0
BRH:0
end_of_record
TN:
SF:src/components/SignInSocialButton/index.tsx
FN:17,SignInSocialButton
FNF:1
FNH:0
FNDA:0,SignInSocialButton
DA:22,0
LF:1
LH:0
BRF:0
BRH:0
end_of_record
TN:
SF:src/components/TransactionCard/index.tsx
FN:29,TransactionCard
FN:32,(anonymous_1)
FNF:2
FNH:0
FNDA:0,TransactionCard
FNDA:0,(anonymous_1)
DA:31,0
DA:32,0
DA:35,0
LF:3
LH:0
BRDA:43,0,0,0
BRDA:43,0,1,0
BRF:2
BRH:0
end_of_record
TN:
SF:src/hooks/auth.tsx
FN:55,AuthProvider
FN:62,signInWithGoogle
FN:107,signInWithApple
FN:142,signOut
FN:148,(anonymous_4)
FN:150,loadStorageDate
FN:179,useAuth
FNF:7
FNH:5
FNDA:5,AuthProvider
FNDA:3,signInWithGoogle
FNDA:0,signInWithApple
FNDA:0,signOut
FNDA:3,(anonymous_4)
FNDA:3,loadStorageDate
FNDA:7,useAuth
DA:9,2
DA:10,2
DA:52,2
DA:56,5
DA:57,5
DA:59,5
DA:63,3
DA:64,3
DA:65,3
DA:67,3
DA:71,3
DA:76,2
DA:77,1
DA:78,1
DA:80,1
DA:84,1
DA:85,1
DA:91,1
DA:92,1
DA:101,1
DA:108,0
DA:109,0
DA:116,0
DA:118,0
DA:119,0
DA:122,0
DA:128,0
DA:129,0
DA:136,0
DA:143,0
DA:145,0
DA:148,5
DA:151,3
DA:153,2
DA:154,1
DA:155,1
DA:158,2
DA:161,3
DA:165,5
DA:181,7
DA:183,7
LF:41
LH:30
BRDA:76,0,0,1
BRDA:76,0,1,1
BRDA:84,1,0,1
BRDA:84,1,1,0
BRDA:116,2,0,0
BRDA:116,2,1,0
BRDA:153,3,0,1
BRDA:153,3,1,1
BRF:8
BRH:5
end_of_record
TN:
SF:src/routes/app.routes.tsx
FN:17,AppRoutes
FN:38,(anonymous_1)
FN:51,(anonymous_2)
FN:65,(anonymous_3)
FNF:4
FNH:0
FNDA:0,AppRoutes
FNDA:0,(anonymous_1)
FNDA:0,(anonymous_2)
FNDA:0,(anonymous_3)
DA:9,0
DA:19,0
DA:20,0
DA:39,0
DA:52,0
DA:66,0
LF:6
LH:0
BRDA:29,0,0,0
BRDA:29,0,1,0
BRF:2
BRH:0
end_of_record
TN:
SF:src/routes/auth.routes.tsx
FN:9,AuthRoutes
FNF:1
FNH:0
FNDA:0,AuthRoutes
DA:7,0
DA:10,0
LF:2
LH:0
BRF:0
BRH:0
end_of_record
TN:
SF:src/routes/index.tsx
FN:10,Routes
FNF:1
FNH:0
FNDA:0,Routes
DA:12,0
DA:14,0
LF:2
LH:0
BRDA:16,0,0,0
BRDA:16,0,1,0
BRF:2
BRH:0
end_of_record
TN:
SF:src/screens/CategorySelect/index.tsx
FN:32,CategorySelect
FN:38,handleCategorySelect
FN:51,(anonymous_2)
FN:52,(anonymous_3)
FN:54,(anonymous_4)
FN:62,(anonymous_5)
FNF:6
FNH:4
FNDA:2,CategorySelect
FNDA:0,handleCategorySelect
FNDA:12,(anonymous_2)
FNDA:12,(anonymous_3)
FNDA:0,(anonymous_4)
FNDA:10,(anonymous_5)
DA:39,0
DA:42,2
DA:51,12
DA:53,12
DA:54,0
DA:62,10
LF:6
LH:4
BRF:0
BRH:0
end_of_record
TN:
SF:src/screens/Dashboard/index.tsx
FN:50,Dashboard
FN:63,getLastTransactionDate
FN:69,(anonymous_2)
FN:80,(anonymous_3)
FN:86,loadTransactions
FN:94,(anonymous_5)
FN:184,(anonymous_6)
FN:188,(anonymous_7)
FN:253,(anonymous_8)
FN:254,(anonymous_9)
FNF:10
FNH:0
FNDA:0,Dashboard
FNDA:0,getLastTransactionDate
FNDA:0,(anonymous_2)
FNDA:0,(anonymous_3)
FNDA:0,loadTransactions
FNDA:0,(anonymous_5)
FNDA:0,(anonymous_6)
FNDA:0,(anonymous_7)
FNDA:0,(anonymous_8)
FNDA:0,(anonymous_9)
DA:52,0
DA:53,0
DA:54,0
DA:56,0
DA:57,0
DA:68,0
DA:69,0
DA:72,0
DA:73,0
DA:78,0
DA:80,0
DA:83,0
DA:87,0
DA:88,0
DA:89,0
DA:91,0
DA:92,0
DA:94,0
DA:96,0
DA:97,0
DA:99,0
DA:102,0
DA:107,0
DA:113,0
DA:123,0
DA:126,0
DA:128,0
DA:130,0
DA:145,0
DA:147,0
DA:177,0
DA:184,0
DA:185,0
DA:188,0
DA:189,0
DA:192,0
DA:253,0
DA:254,0
LF:38
LH:0
BRDA:72,0,0,0
BRDA:72,0,1,0
BRDA:89,1,0,0
BRDA:89,1,1,0
BRDA:96,2,0,0
BRDA:96,2,1,0
BRDA:130,3,0,0
BRDA:130,3,1,0
BRDA:153,4,0,0
BRDA:153,4,1,0
BRDA:163,5,0,0
BRDA:163,5,1,0
BRDA:198,6,0,0
BRDA:198,6,1,0
BRF:14
BRH:0
end_of_record
TN:
SF:src/screens/Profile/index.tsx
FN:10,Profile
FN:33,(anonymous_1)
FNF:2
FNH:1
FNDA:3,Profile
FNDA:0,(anonymous_1)
DA:11,3
LF:1
LH:1
BRF:0
BRH:0
end_of_record
TN:
SF:src/screens/Register/index.tsx
FN:60,Register
FN:87,handleTransactionsTypesSelect
FN:91,handleOpenSelectCategoryModal
FN:95,handleCloseSelectCategoryModal
FN:100,handleRegister
FN:184,(anonymous_5)
FN:191,(anonymous_6)
FNF:7
FNH:2
FNDA:2,Register
FNDA:0,handleTransactionsTypesSelect
FNDA:1,handleOpenSelectCategoryModal
FNDA:0,handleCloseSelectCategoryModal
FNDA:0,handleRegister
FNDA:0,(anonymous_5)
FNDA:0,(anonymous_6)
DA:47,1
DA:63,2
DA:64,2
DA:66,2
DA:69,2
DA:74,2
DA:82,2
DA:88,0
DA:92,1
DA:96,0
DA:102,0
DA:103,0
DA:105,0
DA:106,0
DA:108,0
DA:118,0
DA:119,0
DA:120,0
DA:121,0
DA:123,0
DA:128,0
DA:130,0
DA:132,0
DA:133,0
DA:138,0
DA:141,0
DA:142,0
DA:149,2
DA:184,0
DA:191,0
LF:30
LH:9
BRDA:102,0,0,0
BRDA:102,0,1,0
BRDA:105,1,0,0
BRDA:105,1,1,0
BRDA:121,2,0,0
BRDA:121,2,1,0
BRDA:166,3,0,2
BRDA:166,3,1,0
BRDA:175,4,0,2
BRDA:175,4,1,0
BRF:10
BRH:2
end_of_record
TN:
SF:src/screens/Resume/index.tsx
FN:56,Resume
FN:67,handleChangeDate
FN:76,loadData
FN:83,(anonymous_3)
FN:93,(anonymous_4)
FN:100,(anonymous_5)
FN:103,(anonymous_6)
FN:138,(anonymous_7)
FN:171,(anonymous_8)
FN:180,(anonymous_9)
FN:193,(anonymous_10)
FN:210,(anonymous_11)
FNF:12
FNH:0
FNDA:0,Resume
FNDA:0,handleChangeDate
FNDA:0,loadData
FNDA:0,(anonymous_3)
FNDA:0,(anonymous_4)
FNDA:0,(anonymous_5)
FNDA:0,(anonymous_6)
FNDA:0,(anonymous_7)
FNDA:0,(anonymous_8)
FNDA:0,(anonymous_9)
FNDA:0,(anonymous_10)
FNDA:0,(anonymous_11)
DA:57,0
DA:59,0
DA:61,0
DA:63,0
DA:65,0
DA:68,0
DA:69,0
DA:71,0
DA:77,0
DA:78,0
DA:79,0
DA:80,0
DA:82,0
DA:84,0
DA:92,0
DA:94,0
DA:98,0
DA:100,0
DA:101,0
DA:103,0
DA:104,0
DA:105,0
DA:109,0
DA:111,0
DA:118,0
DA:120,0
DA:131,0
DA:132,0
DA:138,0
DA:139,0
DA:142,0
DA:171,0
DA:180,0
DA:193,0
DA:211,0
LF:35
LH:0
BRDA:68,0,0,0
BRDA:68,0,1,0
BRDA:80,1,0,0
BRDA:80,1,1,0
BRDA:84,2,0,0
BRDA:84,2,1,0
BRDA:84,2,2,0
BRDA:104,3,0,0
BRDA:104,3,1,0
BRDA:109,4,0,0
BRDA:109,4,1,0
BRDA:151,5,0,0
BRDA:151,5,1,0
BRF:13
BRH:0
end_of_record
TN:
SF:src/screens/SignIn/index.tsx
FN:32,SignIn
FN:39,handleSignInWithGoogle
FN:52,handleSignInWithApple
FNF:3
FNH:0
FNDA:0,SignIn
FNDA:0,handleSignInWithGoogle
FNDA:0,handleSignInWithApple
DA:33,0
DA:35,0
DA:40,0
DA:41,0
DA:42,0
DA:45,0
DA:46,0
DA:47,0
DA:53,0
DA:54,0
DA:55,0
DA:58,0
DA:59,0
DA:60,0
DA:71,0
LF:15
LH:0
BRDA:102,0,0,0
BRDA:102,0,1,0
BRDA:112,1,0,0
BRDA:112,1,1,0
BRF:4
BRH:0
end_of_record
